<?xml version="1.0" encoding="UTF-8"?>
<!-- Generated by org.testng.reporters.JUnitXMLReporter -->
<testsuite ignored="1" hostname="LAPTOP-2OB70VFP" failures="0" tests="3" name="Test" time="0.057" errors="0" timestamp="2025-05-09T15:28:24 EDT">
  <testcase classname="testng_Package.Skiptestcase" name="openmethod1" time="0.007"/>
  <testcase classname="testng_Package.Skiptestcase" name="openmethod2" time="0.002">
    <skipped/>
  </testcase> <!-- openmethod2 -->
  <testcase classname="testng_Package.Skiptestcase" name="openmethod4" time="0.003"/>
  <testcase classname="testng_Package.Skiptestcase" name="openmethod3" time="0.0">
    <ignored/>
  </testcase> <!-- openmethod3 -->
</testsuite> <!-- Test -->
