<?xml version="1.0" encoding="UTF-8"?>
<testng-results ignored="0" total="1" passed="1" failed="0" skipped="0">
  <reporter-output>
  </reporter-output>
  <suite started-at="2025-05-09T15:44:55 EDT" name="Default suite" finished-at="2025-05-09T15:44:55 EDT" duration-ms="473">
    <groups>
    </groups>
    <test started-at="2025-05-09T15:44:55 EDT" name="Default test" finished-at="2025-05-09T15:44:55 EDT" duration-ms="473">
      <class name="testng_Package.Reportclass">
        <test-method signature="logintest()[pri:0, instance:testng_Package.Reportclass@3c46e67a]" started-at="2025-05-09T15:44:55 EDT" name="logintest" finished-at="2025-05-09T15:44:55 EDT" duration-ms="440" status="PASS">
          <reporter-output>
          </reporter-output>
        </test-method> <!-- logintest -->
      </class> <!-- testng_Package.Reportclass -->
    </test> <!-- Default test -->
  </suite> <!-- Default suite -->
</testng-results>
